Log file open, 08/31/17 21:40:52
LogInit:Display: Running engine for game: SillyGeo
LogPlatformFile: Not using cached read wrapper
LogInit:Display: RandInit(-74342652) SRandInit(-74342652).
LogTaskGraph: Started task graph with 5 named threads and 8 total threads with 1 sets of task threads.
LogStats: Stats thread started at 0.067013
LogPluginManager: Loaded Plugin Paper2D, From C:/Program Files/Epic Games/UE_4.14/Engine/Plugins/2D/Paper2D/Paper2D.uplugin
LogPluginManager: Loaded Plugin LightPropagationVolume, From C:/Program Files/Epic Games/UE_4.14/Engine/Plugins/Blendables/LightPropagationVolume/LightPropagationVolume.uplugin
LogPluginManager: Loaded Plugin BlankPlugin, From C:/Program Files/Epic Games/UE_4.14/Engine/Plugins/Developer/BlankPlugin/BlankPlugin.uplugin
LogPluginManager: Loaded Plugin CodeLiteSourceCodeAccess, From C:/Program Files/Epic Games/UE_4.14/Engine/Plugins/Developer/CodeLiteSourceCodeAccess/CodeLiteSourceCodeAccess.uplugin
LogPluginManager: Loaded Plugin GitSourceControl, From C:/Program Files/Epic Games/UE_4.14/Engine/Plugins/Developer/GitSourceControl/GitSourceControl.uplugin
LogPluginManager: Loaded Plugin KDevelopSourceCodeAccess, From C:/Program Files/Epic Games/UE_4.14/Engine/Plugins/Developer/KDevelopSourceCodeAccess/KDevelopSourceCodeAccess.uplugin
LogPluginManager: Loaded Plugin NullSourceCodeAccess, From C:/Program Files/Epic Games/UE_4.14/Engine/Plugins/Developer/NullSourceCodeAccess/NullSourceCodeAccess.uplugin
LogPluginManager: Loaded Plugin OneSkyLocalizationService, From C:/Program Files/Epic Games/UE_4.14/Engine/Plugins/Developer/OneSkyLocalizationService/OneSkyLocalizationService.uplugin
LogPluginManager: Loaded Plugin PerforceSourceControl, From C:/Program Files/Epic Games/UE_4.14/Engine/Plugins/Developer/PerforceSourceControl/PerforceSourceControl.uplugin
LogPluginManager: Loaded Plugin SubversionSourceControl, From C:/Program Files/Epic Games/UE_4.14/Engine/Plugins/Developer/SubversionSourceControl/SubversionSourceControl.uplugin
LogPluginManager: Loaded Plugin UObjectPlugin, From C:/Program Files/Epic Games/UE_4.14/Engine/Plugins/Developer/UObjectPlugin/UObjectPlugin.uplugin
LogPluginManager: Loaded Plugin VisualStudioSourceCodeAccess, From C:/Program Files/Epic Games/UE_4.14/Engine/Plugins/Developer/VisualStudioSourceCodeAccess/VisualStudioSourceCodeAccess.uplugin
LogPluginManager: Loaded Plugin XCodeSourceCodeAccess, From C:/Program Files/Epic Games/UE_4.14/Engine/Plugins/Developer/XCodeSourceCodeAccess/XCodeSourceCodeAccess.uplugin
LogPluginManager: Loaded Plugin AudioCapture, From C:/Program Files/Epic Games/UE_4.14/Engine/Plugins/Editor/AudioCapture/AudioCapture.uplugin
LogPluginManager: Loaded Plugin EpicSurvey, From C:/Program Files/Epic Games/UE_4.14/Engine/Plugins/Editor/EpicSurvey/EpicSurvey.uplugin
LogPluginManager: Loaded Plugin MacGraphicsSwitching, From C:/Program Files/Epic Games/UE_4.14/Engine/Plugins/Editor/MacGraphicsSwitching/MacGraphicsSwitching.uplugin
LogPluginManager: Loaded Plugin MobileLauncherProfileWizard, From C:/Program Files/Epic Games/UE_4.14/Engine/Plugins/Editor/MobileLauncherProfileWizard/MobileLauncherProfileWizard.uplugin
LogPluginManager: Loaded Plugin PluginBrowser, From C:/Program Files/Epic Games/UE_4.14/Engine/Plugins/Editor/PluginBrowser/PluginBrowser.uplugin
LogPluginManager: Loaded Plugin SpeedTreeImporter, From C:/Program Files/Epic Games/UE_4.14/Engine/Plugins/Editor/SpeedTreeImporter/SpeedTreeImporter.uplugin
LogPluginManager: Loaded Plugin SuperSearchEditor, From C:/Program Files/Epic Games/UE_4.14/Engine/Plugins/Editor/SuperSearchEditor/SuperSearchEditor.uplugin
LogPluginManager: Loaded Plugin AlembicImporter, From C:/Program Files/Epic Games/UE_4.14/Engine/Plugins/Experimental/AlembicImporter/AlembicImporter.uplugin
LogPluginManager: Loaded Plugin BlueprintStats, From C:/Program Files/Epic Games/UE_4.14/Engine/Plugins/Experimental/BlueprintStats/BlueprintStats.uplugin
LogPluginManager: Loaded Plugin CharacterAI, From C:/Program Files/Epic Games/UE_4.14/Engine/Plugins/Experimental/CharacterAI/CharacterAI.uplugin
LogPluginManager: Loaded Plugin CodeEditor, From C:/Program Files/Epic Games/UE_4.14/Engine/Plugins/Experimental/CodeEditor/CodeEditor.uplugin
LogPluginManager: Loaded Plugin CodeView, From C:/Program Files/Epic Games/UE_4.14/Engine/Plugins/Experimental/CodeView/CodeView.uplugin
LogPluginManager: Loaded Plugin HTML5Networking, From C:/Program Files/Epic Games/UE_4.14/Engine/Plugins/Experimental/HTML5Networking/HTML5Networking.uplugin
LogPluginManager: Loaded Plugin OSVR, From C:/Program Files/Epic Games/UE_4.14/Engine/Plugins/Experimental/OSVR/OSVR.uplugin
LogPluginManager: Loaded Plugin Phya, From C:/Program Files/Epic Games/UE_4.14/Engine/Plugins/Experimental/Phya/Phya.uplugin
LogPluginManager: Loaded Plugin SignificanceManager, From C:/Program Files/Epic Games/UE_4.14/Engine/Plugins/Experimental/SignificanceManager/SignificanceManager.uplugin
LogPluginManager: Loaded Plugin SimpleHMD, From C:/Program Files/Epic Games/UE_4.14/Engine/Plugins/Experimental/SimpleHMD/SimpleHMD.uplugin
LogPluginManager: Loaded Plugin StereoPanorama, From C:/Program Files/Epic Games/UE_4.14/Engine/Plugins/Experimental/StereoPanorama/StereoPanorama.uplugin
LogPluginManager: Loaded Plugin StructBox, From C:/Program Files/Epic Games/UE_4.14/Engine/Plugins/Experimental/StructBox/StructBox.uplugin
LogPluginManager: Loaded Plugin AndroidMedia, From C:/Program Files/Epic Games/UE_4.14/Engine/Plugins/Media/AndroidMedia/AndroidMedia.uplugin
LogPluginManager: Loaded Plugin AvfMedia, From C:/Program Files/Epic Games/UE_4.14/Engine/Plugins/Media/AvfMedia/AvfMedia.uplugin
LogPluginManager: Loaded Plugin MediaPlayerEditor, From C:/Program Files/Epic Games/UE_4.14/Engine/Plugins/Media/MediaPlayerEditor/MediaPlayerEditor.uplugin
LogPluginManager: Loaded Plugin WmfMedia, From C:/Program Files/Epic Games/UE_4.14/Engine/Plugins/Media/WmfMedia/WmfMedia.uplugin
LogPluginManager: Loaded Plugin MessagingDebugger, From C:/Program Files/Epic Games/UE_4.14/Engine/Plugins/Messaging/MessagingDebugger/MessagingDebugger.uplugin
LogPluginManager: Loaded Plugin TcpMessaging, From C:/Program Files/Epic Games/UE_4.14/Engine/Plugins/Messaging/TcpMessaging/TcpMessaging.uplugin
LogPluginManager: Loaded Plugin UdpMessaging, From C:/Program Files/Epic Games/UE_4.14/Engine/Plugins/Messaging/UdpMessaging/UdpMessaging.uplugin
LogPluginManager: Loaded Plugin LevelSequenceEditor, From C:/Program Files/Epic Games/UE_4.14/Engine/Plugins/MovieScene/LevelSequenceEditor/LevelSequenceEditor.uplugin
LogPluginManager: Loaded Plugin MatineeToLevelSequence, From C:/Program Files/Epic Games/UE_4.14/Engine/Plugins/MovieScene/MatineeToLevelSequence/MatineeToLevelSequence.uplugin
LogPluginManager: Loaded Plugin NetcodeUnitTest, From C:/Program Files/Epic Games/UE_4.14/Engine/Plugins/NetcodeUnitTest/NetcodeUnitTest/NetcodeUnitTest.uplugin
LogPluginManager: Loaded Plugin NUTUnrealEngine4, From C:/Program Files/Epic Games/UE_4.14/Engine/Plugins/NetcodeUnitTest/NUTUnrealEngine4/NUTUnrealEngine4.uplugin
LogPluginManager: Loaded Plugin OnlineSubsystemGameCircle, From C:/Program Files/Epic Games/UE_4.14/Engine/Plugins/Online/Android/OnlineSubsystemGameCircle/OnlineSubsystemGameCircle.uplugin
LogPluginManager: Loaded Plugin OnlineSubsystemGooglePlay, From C:/Program Files/Epic Games/UE_4.14/Engine/Plugins/Online/Android/OnlineSubsystemGooglePlay/OnlineSubsystemGooglePlay.uplugin
LogPluginManager: Loaded Plugin OnlineSubsystemIOS, From C:/Program Files/Epic Games/UE_4.14/Engine/Plugins/Online/IOS/OnlineSubsystemIOS/OnlineSubsystemIOS.uplugin
LogPluginManager: Loaded Plugin OnlineFramework, From C:/Program Files/Epic Games/UE_4.14/Engine/Plugins/Online/OnlineFramework/OnlineFramework.uplugin
LogPluginManager: Loaded Plugin OnlineSubsystem, From C:/Program Files/Epic Games/UE_4.14/Engine/Plugins/Online/OnlineSubsystem/OnlineSubsystem.uplugin
LogPluginManager: Loaded Plugin OnlineSubsystemAmazon, From C:/Program Files/Epic Games/UE_4.14/Engine/Plugins/Online/OnlineSubsystemAmazon/OnlineSubsystemAmazon.uplugin
LogPluginManager: Loaded Plugin OnlineSubsystemFacebook, From C:/Program Files/Epic Games/UE_4.14/Engine/Plugins/Online/OnlineSubsystemFacebook/OnlineSubsystemFacebook.uplugin
LogPluginManager: Loaded Plugin OnlineSubsystemNull, From C:/Program Files/Epic Games/UE_4.14/Engine/Plugins/Online/OnlineSubsystemNull/OnlineSubsystemNull.uplugin
LogPluginManager: Loaded Plugin OnlineSubsystemOculus, From C:/Program Files/Epic Games/UE_4.14/Engine/Plugins/Online/OnlineSubsystemOculus/OnlineSubsystemOculus.uplugin
LogPluginManager: Loaded Plugin OnlineSubsystemSteam, From C:/Program Files/Epic Games/UE_4.14/Engine/Plugins/Online/OnlineSubsystemSteam/OnlineSubsystemSteam.uplugin
LogPluginManager: Loaded Plugin OnlineSubsystemUtils, From C:/Program Files/Epic Games/UE_4.14/Engine/Plugins/Online/OnlineSubsystemUtils/OnlineSubsystemUtils.uplugin
LogPluginManager: Loaded Plugin IOSTapJoy, From C:/Program Files/Epic Games/UE_4.14/Engine/Plugins/Runtime/Advertising/IOSTapJoy/IOSTapJoy.uplugin
LogPluginManager: Loaded Plugin AnalyticsBlueprintLibrary, From C:/Program Files/Epic Games/UE_4.14/Engine/Plugins/Runtime/Analytics/AnalyticsBlueprintLibrary/AnalyticsBlueprintLibrary.uplugin
LogPluginManager: Loaded Plugin AnalyticsMulticast, From C:/Program Files/Epic Games/UE_4.14/Engine/Plugins/Runtime/Analytics/AnalyticsMulticast/AnalyticsMulticast.uplugin
LogPluginManager: Loaded Plugin Apsalar, From C:/Program Files/Epic Games/UE_4.14/Engine/Plugins/Runtime/Analytics/Apsalar/Apsalar.uplugin
LogPluginManager: Loaded Plugin FileLogging, From C:/Program Files/Epic Games/UE_4.14/Engine/Plugins/Runtime/Analytics/FileLogging/FileLogging.uplugin
LogPluginManager: Loaded Plugin Flurry, From C:/Program Files/Epic Games/UE_4.14/Engine/Plugins/Runtime/Analytics/Flurry/Flurry.uplugin
LogPluginManager: Loaded Plugin AndroidDeviceProfileSelector, From C:/Program Files/Epic Games/UE_4.14/Engine/Plugins/Runtime/AndroidDeviceProfileSelector/AndroidDeviceProfileSelector.uplugin
LogPluginManager: Loaded Plugin AndroidMoviePlayer, From C:/Program Files/Epic Games/UE_4.14/Engine/Plugins/Runtime/AndroidMoviePlayer/AndroidMoviePlayer.uplugin
LogPluginManager: Loaded Plugin AppleMoviePlayer, From C:/Program Files/Epic Games/UE_4.14/Engine/Plugins/Runtime/AppleMoviePlayer/AppleMoviePlayer.uplugin
LogPluginManager: Loaded Plugin ArchVisCharacter, From C:/Program Files/Epic Games/UE_4.14/Engine/Plugins/Runtime/ArchVisCharacter/ArchVisCharacter.uplugin
LogPluginManager: Loaded Plugin CableComponent, From C:/Program Files/Epic Games/UE_4.14/Engine/Plugins/Runtime/CableComponent/CableComponent.uplugin
LogPluginManager: Loaded Plugin CustomMeshComponent, From C:/Program Files/Epic Games/UE_4.14/Engine/Plugins/Runtime/CustomMeshComponent/CustomMeshComponent.uplugin
LogPluginManager: Loaded Plugin ExampleDeviceProfileSelector, From C:/Program Files/Epic Games/UE_4.14/Engine/Plugins/Runtime/ExampleDeviceProfileSelector/ExampleDeviceProfileSelector.uplugin
LogPluginManager: Loaded Plugin GearVR, From C:/Program Files/Epic Games/UE_4.14/Engine/Plugins/Runtime/GearVR/GearVR.uplugin
LogPluginManager: Loaded Plugin GoogleVRController, From C:/Program Files/Epic Games/UE_4.14/Engine/Plugins/Runtime/GoogleVR/GoogleVRController/GoogleVRController.uplugin
LogPluginManager: Loaded Plugin GoogleVRHMD, From C:/Program Files/Epic Games/UE_4.14/Engine/Plugins/Runtime/GoogleVR/GoogleVRHMD/GoogleVRHMD.uplugin
LogPluginManager: Loaded Plugin IOSDeviceProfileSelector, From C:/Program Files/Epic Games/UE_4.14/Engine/Plugins/Runtime/IOSDeviceProfileSelector/IOSDeviceProfileSelector.uplugin
LogPluginManager: Loaded Plugin LeapMotion, From C:/Program Files/Epic Games/UE_4.14/Engine/Plugins/Runtime/LeapMotion/LeapMotion.uplugin
LogPluginManager: Loaded Plugin LinuxDeviceProfileSelector, From C:/Program Files/Epic Games/UE_4.14/Engine/Plugins/Runtime/LinuxDeviceProfileSelector/LinuxDeviceProfileSelector.uplugin
LogPluginManager: Loaded Plugin MIDIDevice, From C:/Program Files/Epic Games/UE_4.14/Engine/Plugins/Runtime/MIDIDevice/MIDIDevice.uplugin
LogPluginManager: Loaded Plugin MobilePatchingUtils, From C:/Program Files/Epic Games/UE_4.14/Engine/Plugins/Runtime/MobilePatchingUtils/MobilePatchingUtils.uplugin
LogPluginManager: Loaded Plugin Ansel, From C:/Program Files/Epic Games/UE_4.14/Engine/Plugins/Runtime/Nvidia/Ansel/Ansel.uplugin
LogPluginManager: Loaded Plugin OculusAudio, From C:/Program Files/Epic Games/UE_4.14/Engine/Plugins/Runtime/OculusAudio/OculusAudio.uplugin
LogPluginManager: Loaded Plugin OculusInput, From C:/Program Files/Epic Games/UE_4.14/Engine/Plugins/Runtime/OculusInput/OculusInput.uplugin
LogPluginManager: Loaded Plugin OculusLibrary, From C:/Program Files/Epic Games/UE_4.14/Engine/Plugins/Runtime/OculusLibrary/OculusLibrary.uplugin
LogPluginManager: Loaded Plugin OculusRift, From C:/Program Files/Epic Games/UE_4.14/Engine/Plugins/Runtime/OculusRift/OculusRift.uplugin
LogPluginManager: Loaded Plugin Oodle, From C:/Program Files/Epic Games/UE_4.14/Engine/Plugins/Runtime/PacketHandlers/CompressionComponents/Oodle/Oodle.uplugin
LogPluginManager: Loaded Plugin ProceduralMeshComponent, From C:/Program Files/Epic Games/UE_4.14/Engine/Plugins/Runtime/ProceduralMeshComponent/ProceduralMeshComponent.uplugin
LogPluginManager: Loaded Plugin SoundMod, From C:/Program Files/Epic Games/UE_4.14/Engine/Plugins/Runtime/SoundMod/SoundMod.uplugin
LogPluginManager: Loaded Plugin SoundVisualizations, From C:/Program Files/Epic Games/UE_4.14/Engine/Plugins/Runtime/SoundVisualizations/SoundVisualizations.uplugin
LogPluginManager: Loaded Plugin SteamController, From C:/Program Files/Epic Games/UE_4.14/Engine/Plugins/Runtime/Steam/SteamController/SteamController.uplugin
LogPluginManager: Loaded Plugin SteamVR, From C:/Program Files/Epic Games/UE_4.14/Engine/Plugins/Runtime/Steam/SteamVR/SteamVR.uplugin
LogPluginManager: Loaded Plugin WebBrowserWidget, From C:/Program Files/Epic Games/UE_4.14/Engine/Plugins/Runtime/WebBrowserWidget/WebBrowserWidget.uplugin
LogPluginManager: Loaded Plugin WindowsDeviceProfileSelector, From C:/Program Files/Epic Games/UE_4.14/Engine/Plugins/Runtime/WindowsDeviceProfileSelector/WindowsDeviceProfileSelector.uplugin
LogPluginManager: Loaded Plugin WindowsMoviePlayer, From C:/Program Files/Epic Games/UE_4.14/Engine/Plugins/Runtime/WindowsMoviePlayer/WindowsMoviePlayer.uplugin
LogPluginManager: Loaded Plugin ScriptPlugin, From C:/Program Files/Epic Games/UE_4.14/Engine/Plugins/ScriptPlugin/ScriptPlugin.uplugin
LogPluginManager: Loaded Plugin SlateRemote, From C:/Program Files/Epic Games/UE_4.14/Engine/Plugins/Slate/SlateRemote/SlateRemote.uplugin
LogPluginManager: Loaded Plugin EditorTests, From C:/Program Files/Epic Games/UE_4.14/Engine/Plugins/Tests/EditorTests/EditorTests.uplugin
LogPluginManager: Loaded Plugin FbxAutomationTestBuilder, From C:/Program Files/Epic Games/UE_4.14/Engine/Plugins/Tests/FbxAutomationTestBuilder/FbxAutomationTestBuilder.uplugin
LogPluginManager: Loaded Plugin FunctionalTestingEditor, From C:/Program Files/Epic Games/UE_4.14/Engine/Plugins/Tests/FunctionalTestingEditor/FunctionalTestingEditor.uplugin
LogPluginManager: Loaded Plugin RuntimeTests, From C:/Program Files/Epic Games/UE_4.14/Engine/Plugins/Tests/RuntimeTests/RuntimeTests.uplugin
LogPluginManager: Loaded Plugin ScreenshotTools, From C:/Program Files/Epic Games/UE_4.14/Engine/Plugins/Tests/ScreenshotTools/ScreenshotTools.uplugin
LogInit: Using libcurl 7.47.1
LogInit:  - built for x86_64-pc-win32
LogInit:  - supports SSL with OpenSSL/1.0.2g
LogInit:  - supports HTTP deflate (compression) using libz 1.2.8
LogInit:  - other features:
LogInit:      CURL_VERSION_SSL
LogInit:      CURL_VERSION_LIBZ
LogInit:      CURL_VERSION_IPV6
LogInit:      CURL_VERSION_ASYNCHDNS
LogInit:      CURL_VERSION_LARGEFILE
LogInit:      CURL_VERSION_IDN
LogInit:  CurlRequestOptions (configurable via config and command line):
LogInit:  - bVerifyPeer = false  - Libcurl will NOT verify peer certificate
LogInit:  - bUseHttpProxy = false  - Libcurl will NOT use HTTP proxy
LogInit:  - bDontReuseConnections = false  - Libcurl will reuse connections
LogInit:  - CertBundlePath = nullptr  - Libcurl will use whatever was configured at build time.
OCULUS: Info: [CAPI] LibOVR module is located at C:\Program Files\Oculus\Support\oculus-runtime\LibOVRRT64_1.dll
OCULUS: Debug: Connected to the server running version (prod = 1).1.17.0(build = 424315) feature version = 0. Client runs version (prod = 1).1.17.0(build = 424315) feature version = 0
LogInit: Build: ++UE4+Release-4.14-CL-3249277
LogInit: Engine Version: 4.14.3-3249277+++UE4+Release-4.14
LogInit: Compatible Engine Version: 4.14.0-3195953+++UE4+Release-4.14
LogInit: Net CL: 3195953
LogDevObjectVersion: Number of dev versions registered: 13
LogDevObjectVersion:   Dev-Blueprints (B0D832E4-1F89-4F0D-ACCF-7EB736FD4AA2): 7
LogDevObjectVersion:   Dev-Build (E1C64328-A22C-4D53-A36C-8E866417BD8C): 0
LogDevObjectVersion:   Dev-Core (375EC13C-06E4-48FB-B500-84F0262A717E): 1
LogDevObjectVersion:   Dev-Editor (E4B068ED-F494-42E9-A231-DA0B2E46BB41): 8
LogDevObjectVersion:   Dev-Framework (CFFC743F-43B0-4480-9391-14DF171D2073): 17
LogDevObjectVersion:   Dev-Mobile (B02B49B5-BB20-44E9-A304-32B752E40360): 0
LogDevObjectVersion:   Dev-Networking (A4E4105C-59A1-49B5-A7C5-40C4547EDFEE): 0
LogDevObjectVersion:   Dev-Online (39C831C9-5AE6-47DC-9A44-9C173E1C8E7C): 0
LogDevObjectVersion:   Dev-Physics (78F01B33-EBEA-4F98-B9B4-84EACCB95AA2): 0
LogDevObjectVersion:   Dev-Platform (6631380F-2D4D-43E0-8009-CF276956A95A): 0
LogDevObjectVersion:   Dev-Rendering (12F88B9F-8875-4AFC-A67C-D90C383ABD29): 12
LogDevObjectVersion:   Dev-Sequencer (7B5AE74C-D270-4C10-A958-57980B212A5A): 1
LogDevObjectVersion:   Dev-VR (D7296918-1DD6-4BDD-9DE2-64A83CC13884): 0
LogInit: Compiled (64-bit): Jan  6 2017 10:49:43
LogInit: Compiled with Visual C++: 19.00.23026.00
LogInit: Build Configuration: Development
LogInit: Branch Name: ++UE4+Release-4.14
LogInit: Command line: -EpicPortal 
LogInit: Base directory: C:/Program Files/Epic Games/UE_4.14/Engine/Binaries/Win64/
LogInit: Installed Engine Build: 1
LogInit: Presizing for max 8388607 objects, including 0 objects not considered by GC, pre-allocating 0 bytes for permanent pool.
LogInit: Object subsystem initialized
[2017.09.01-04.40.53:204][  0]LogInit: Selected Device Profile: [Windows]
[2017.09.01-04.40.53:204][  0]LogInit: Applying CVar settings loaded from the selected device profile: [Windows]
[2017.09.01-04.40.53:246][  0]LogInit: Computer: DESKTOP-480HJU5
[2017.09.01-04.40.53:246][  0]LogInit: User: julien
[2017.09.01-04.40.53:246][  0]LogInit: CPU Page size=65536, Cores=4
[2017.09.01-04.40.53:246][  0]LogInit: High frequency timer resolution =3.410073 MHz
[2017.09.01-04.40.53:246][  0]LogMemory: Memory total: Physical=16.0GB (16GB approx)
[2017.09.01-04.40.53:246][  0]LogMemory: Platform Memory Stats for Windows
[2017.09.01-04.40.53:246][  0]LogMemory: Process Physical Memory: 268.21 MB used, 268.21 MB peak
[2017.09.01-04.40.53:246][  0]LogMemory: Process Virtual Memory: 265.78 MB used, 265.78 MB peak
[2017.09.01-04.40.53:246][  0]LogMemory: Physical Memory: 6032.93 MB used,  10307.11 MB free, 16340.04 MB total
[2017.09.01-04.40.53:246][  0]LogMemory: Virtual Memory: 717.95 MB used,  10307.11 MB free, 134217728.00 MB total
[2017.09.01-04.40.53:266][  0]LogTextLocalizationManager: No specific translations for ('en-US') exist, so ('en') translations will be used.
[2017.09.01-04.40.53:749][  0]LogD3D11RHI: D3D11 adapters:
[2017.09.01-04.40.54:255][  0]LogD3D11RHI:    0. 'NVIDIA GeForce GTX 1070' (Feature Level 11_0)
[2017.09.01-04.40.54:255][  0]LogD3D11RHI:       8119/0/8170 MB DedicatedVideo/DedicatedSystem/SharedSystem, Outputs:2, VendorId:0x10de
[2017.09.01-04.40.54:256][  0]LogD3D11RHI:    1. 'Microsoft Basic Render Driver' (Feature Level 11_0)
[2017.09.01-04.40.54:256][  0]LogD3D11RHI:       0/0/8170 MB DedicatedVideo/DedicatedSystem/SharedSystem, Outputs:0, VendorId:0x1414
[2017.09.01-04.40.54:256][  0]LogD3D11RHI: Chosen D3D11 Adapter: 0
[2017.09.01-04.40.54:261][  0]LogD3D11RHI: Creating new Direct3DDevice
[2017.09.01-04.40.54:261][  0]LogD3D11RHI:     GPU DeviceId: 0x1b81 (for the marketing name, search the web for "GPU Device Id")
[2017.09.01-04.40.54:261][  0]LogWindows: EnumDisplayDevices:
[2017.09.01-04.40.54:261][  0]LogWindows:    0. 'NVIDIA GeForce GTX 1070' (P:0 D:1)
[2017.09.01-04.40.54:261][  0]LogWindows:    1. 'NVIDIA GeForce GTX 1070' (P:1 D:1)
[2017.09.01-04.40.54:261][  0]LogWindows:    2. 'NVIDIA GeForce GTX 1070' (P:0 D:0)
[2017.09.01-04.40.54:261][  0]LogWindows:    3. 'NVIDIA GeForce GTX 1070' (P:0 D:0)
[2017.09.01-04.40.54:261][  0]LogWindows: DebugString: FoundDriverCount:4 
[2017.09.01-04.40.54:261][  0]LogD3D11RHI:     Adapter Name: NVIDIA GeForce GTX 1070
[2017.09.01-04.40.54:261][  0]LogD3D11RHI:   Driver Version: 382.05 (internal:22.21.13.8205, unified:382.05)
[2017.09.01-04.40.54:261][  0]LogD3D11RHI:      Driver Date: 5-1-2017
[2017.09.01-04.40.54:261][  0]LogRHI: Texture pool is 1361 MB (70% of 1945 MB)
[2017.09.01-04.40.54:718][  0]LogD3D11RHI: Async texture creation enabled
[2017.09.01-04.40.54:806][  0]LogD3D11RHI: GPU Timing Frequency: 1000.000000 (Debug: 2 1)
[2017.09.01-04.40.54:806][  0]LogShaderCompilers: Guid format shader working directory is 13 characters bigger than the processId version (F:/Dropbox/Unreal Projects/danmaku/Intermediate/Shaders/WorkingDirectory/4896/).
[2017.09.01-04.40.54:806][  0]LogShaderCompilers: Cleaned the shader compiler working directory 'C:/Users/julien/AppData/Local/Temp/UnrealShaderWorkingDir/84F6DDA742E2C3269DD4EFB0B149659C/'.
[2017.09.01-04.40.54:806][  0]LogShaderCompilers:Display: Using Local Shader Compiler.
[2017.09.01-04.40.55:574][  0]LogTemp:Display: Loaded TP AllDesktopTargetPlatform
[2017.09.01-04.40.55:611][  0]LogTemp:Display: Loaded TP MacClientTargetPlatform
[2017.09.01-04.40.55:647][  0]LogTemp:Display: Loaded TP MacNoEditorTargetPlatform
[2017.09.01-04.40.55:684][  0]LogTemp:Display: Loaded TP MacServerTargetPlatform
[2017.09.01-04.40.55:721][  0]LogTemp:Display: Loaded TP MacTargetPlatform
[2017.09.01-04.40.55:760][  0]LogTemp:Display: Loaded TP WindowsClientTargetPlatform
[2017.09.01-04.40.55:797][  0]LogTemp:Display: Loaded TP WindowsNoEditorTargetPlatform
[2017.09.01-04.40.55:835][  0]LogTemp:Display: Loaded TP WindowsServerTargetPlatform
[2017.09.01-04.40.55:880][  0]LogTemp:Display: Loaded TP WindowsTargetPlatform
[2017.09.01-04.40.55:917][  0]LogTemp:Display: Loaded TP AndroidTargetPlatform
[2017.09.01-04.40.55:954][  0]LogTemp:Display: Loaded TP Android_ASTCTargetPlatform
[2017.09.01-04.40.55:995][  0]LogTemp:Display: Loaded TP Android_ATCTargetPlatform
[2017.09.01-04.40.56:033][  0]LogTemp:Display: Loaded TP Android_DXTTargetPlatform
[2017.09.01-04.40.56:069][  0]LogTemp:Display: Loaded TP Android_ETC1TargetPlatform
[2017.09.01-04.40.56:105][  0]LogTemp:Display: Loaded TP Android_ETC2TargetPlatform
[2017.09.01-04.40.56:177][  0]LogTemp:Display: Loaded TP Android_MultiTargetPlatform
[2017.09.01-04.40.56:177][  0]LogTemp:Display: Loaded TP Android_PVRTCTargetPlatform
[2017.09.01-04.40.56:202][  0]LogTemp:Display: Loaded TP HTML5TargetPlatform
[2017.09.01-04.40.56:262][  0]LogTemp:Display: Loaded TP IOSTargetPlatform
[2017.09.01-04.40.56:300][  0]LogTemp:Display: Loaded TP TVOSTargetPlatform
[2017.09.01-04.40.56:336][  0]LogTemp:Display: Loaded TP LinuxClientTargetPlatform
[2017.09.01-04.40.56:371][  0]LogTemp:Display: Loaded TP LinuxNoEditorTargetPlatform
[2017.09.01-04.40.56:407][  0]LogTemp:Display: Loaded TP LinuxServerTargetPlatform
[2017.09.01-04.40.56:443][  0]LogTemp:Display: Loaded TP LinuxTargetPlatform
[2017.09.01-04.40.56:443][  0]LogTargetPlatformManager:Display: Building Assets For Windows
[2017.09.01-04.40.56:732][  0]LogDerivedDataCache:Display: Max Cache Size: 512 MB
[2017.09.01-04.40.56:772][  0]LogDerivedDataCache: Loaded boot cache 0.04s 50MB C:/Users/julien/AppData/Local/UnrealEngine/4.14/DerivedDataCache/Boot.ddc.
[2017.09.01-04.40.56:773][  0]LogDerivedDataCache:Display: Loaded Boot cache: C:/Users/julien/AppData/Local/UnrealEngine/4.14/DerivedDataCache/Boot.ddc
[2017.09.01-04.40.56:773][  0]LogDerivedDataCache: FDerivedDataBackendGraph:  Pak pak cache file F:/Dropbox/Unreal Projects/danmaku/DerivedDataCache/DDC.ddp not found, will not use a pak cache.
[2017.09.01-04.40.56:773][  0]LogDerivedDataCache: Unable to find inner node Pak for hierarchical cache Hierarchy.
[2017.09.01-04.40.56:773][  0]LogDerivedDataCache: FDerivedDataBackendGraph:  CompressedPak pak cache file F:/Dropbox/Unreal Projects/danmaku/DerivedDataCache/Compressed.ddp not found, will not use a pak cache.
[2017.09.01-04.40.56:773][  0]LogDerivedDataCache: Unable to find inner node CompressedPak for hierarchical cache Hierarchy.
[2017.09.01-04.40.56:784][  0]LogDerivedDataCache:Display: Pak cache opened for reading ../../../Engine/DerivedDataCache/Compressed.ddp.
[2017.09.01-04.40.56:795][  0]LogDerivedDataCache: Using Local data cache path C:/Users/julien/AppData/Local/UnrealEngine/Common/DerivedDataCache: Writable
[2017.09.01-04.40.56:937][  0]LogInit: Selected Device Profile: [Windows]
[2017.09.01-04.40.56:939][  0]LogContentStreaming: Texture pool size is 0.00 MB
[2017.09.01-04.40.57:079][  0]LogMeshUtilities: Using QuadricMeshReduction for automatic static mesh reduction
[2017.09.01-04.40.57:108][  0]LogSimplygon: Simplygon DLL not present - disabling.
[2017.09.01-04.40.57:139][  0]LogMeshUtilities: Using SimplygonSwarm for distributed automatic mesh merging
[2017.09.01-04.40.57:139][  0]LogMeshUtilities: No automatic skeletal mesh reduction module available
[2017.09.01-04.40.57:139][  0]LogMeshUtilities: No automatic mesh merging module available
[2017.09.01-04.40.57:487][  0]LogNetVersion: GetLocalNetworkVersion: CL: 3195953, ProjectName: sillygeo, ProjectVersion: , EngineNetworkVersion: 2, GameNetworkVersion: 0, NetworkChecksum: 1178642186
[2017.09.01-04.40.57:532][  0]LogAssetRegistry: FAssetRegistry took 0.0217 seconds to start up
[2017.09.01-04.40.57:568][  0]LogPackageLocalizationCache: Processed 3 localized package path(s) for 2 prioritized culture(s) in 0.021502 seconds
[2017.09.01-04.40.57:573][  0]LogUObjectArray: 31946 objects as part of root set at end of initial load.
[2017.09.01-04.40.57:573][  0]LogUObjectAllocator: 6935848 out of 0 bytes used by permanent object pool.
[2017.09.01-04.40.57:573][  0]LogUObjectArray: CloseDisregardForGC: 0/0 objects in disregard for GC pool
[2017.09.01-04.40.57:613][  0]LogInit: WinSock: version 1.1 (2.2), MaxSocks=32767, MaxUdp=65467
[2017.09.01-04.40.58:096][  0]LogSlate: Using Freetype 2.6.0
[2017.09.01-04.40.58:096][  0]LogSlate: SlateFontCache - WITH_FREETYPE: 1, WITH_HARFBUZZ: 1
[2017.09.01-04.40.58:096][  0]LogSlate: SlateFontCache - WITH_FREETYPE: 1, WITH_HARFBUZZ: 1
[2017.09.01-04.40.58:651][  0]LogTcpMessaging: Initializing TcpMessaging bridge
[2017.09.01-04.40.58:681][  0]LogUdpMessaging: Initializing bridge on interface 0.0.0.0:0 to multicast group 230.0.0.1:6666.
[2017.09.01-04.40.58:908][  0]LogMaterial: Uniform references updated for custom material expression Custom.
[2017.09.01-04.40.59:162][  0]SourceControl: Info Source control is disabled
[2017.09.01-04.40.59:181][  0]SourceControl: Info Source control is disabled
[2017.09.01-04.40.59:213][  0]SourceControl: Info Source control is disabled
[2017.09.01-04.40.59:243][  0]SourceControl: Info Source control is disabled
[2017.09.01-04.41.00:128][  0]LogEngine: Initializing Engine...
[2017.09.01-04.41.00:128][  0]LogHMD: Oculus plugin initialized. Version: 4.14.3-3249277+++UE4+Release-4.14, LibOVR: 1.17.0, SDK: 1.8.0, built Jan  6 2017, 10:50:26
[2017.09.01-04.41.00:293][  0]LogAIModule: Creating AISystem for world Untitled
[2017.09.01-04.41.00:300][  0]LogInit: XAudio2 using 'Speakers (High Definition Audio Device)' : 2 channels at 44.1 kHz using 16 bits per sample (channel mask 0x3)
[2017.09.01-04.41.00:308][  0]LogInit: FAudioDevice initialized.
[2017.09.01-04.41.00:330][  0]LogDerivedDataCache: Saved boot cache 0.02s 50MB C:/Users/julien/AppData/Local/UnrealEngine/4.14/DerivedDataCache/Boot.ddc.
[2017.09.01-04.41.00:336][  0]LogInit: Texture streaming: Enabled
[2017.09.01-04.41.00:480][  0]LogInit: Transaction tracking system initialized
[2017.09.01-04.41.00:704][  0]BlueprintLog: New page: Editor Load
[2017.09.01-04.41.01:322][  0]LocalizationService: Info Localization service is disabled
[2017.09.01-04.41.01:842][  0]LogConsoleResponse:Display: 
[2017.09.01-04.41.01:977][  0]LogCook:Display: Max memory allowance for cook 16384mb min free memory 0mb
[2017.09.01-04.41.01:977][  0]LogCook:Display: Mobile HDR setting 1
[2017.09.01-04.41.02:203][  0]LogFileCache: Scanning file cache for directory 'F:/Dropbox/Unreal Projects/danmaku/Content/' took 0.01s
[2017.09.01-04.41.02:660][  0]SourceControl: Info Source control is disabled
[2017.09.01-04.41.02:660][  0]Cmd: MAP LOAD FILE="F:/Dropbox/Unreal Projects/danmaku/Content/Maps/Main.umap" TEMPLATE=0 SHOWPROGRESS=1 FEATURELEVEL=3
[2017.09.01-04.41.02:661][  0]LightingResults: New page: Lighting Build
[2017.09.01-04.41.02:687][  0]MapCheck: New page: Map Check
[2017.09.01-04.41.02:687][  0]LightingResults: New page: Lighting Build
[2017.09.01-04.41.02:699][  0]LogAIModule: Creating AISystem for world Main
[2017.09.01-04.41.02:708][  0]LogEditorServer: Finished looking for orphan Actors (0.000 secs)
[2017.09.01-04.41.02:709][  0]Cmd: MAP CHECKDEP NOCLEARLOG
[2017.09.01-04.41.02:739][  0]MapCheck: Info Map check complete: 0 Error(s), 0 Warning(s), took 30.331ms to complete.
[2017.09.01-04.41.02:739][  0]LogFileHelpers: Loading map 'Main' took 0.079
[2017.09.01-04.41.02:937][  0]LogCollectionManager: Loaded 0 collections in 0.001270 seconds
[2017.09.01-04.41.03:037][  0]LogFileCache: Scanning file cache for directory 'F:/Dropbox/Unreal Projects/danmaku/Saved/Collections/' took 0.01s
[2017.09.01-04.41.03:037][  0]LogFileCache: Scanning file cache for directory 'F:/Dropbox/Unreal Projects/danmaku/Content/Developers/julien/Collections/' took 0.01s
[2017.09.01-04.41.03:037][  0]LogFileCache: Scanning file cache for directory 'F:/Dropbox/Unreal Projects/danmaku/Content/Collections/' took 0.01s
[2017.09.01-04.41.03:037][  0]LogCollectionManager: Rebuilt the GUID cache for 0 collections in 0.000001 seconds
[2017.09.01-04.41.03:048][  0]LogContentBrowser: Native class hierarchy populated in 0.0081 seconds. Added 2190 classes and 428 folders.
[2017.09.01-04.41.03:079][  0]LogStats: UGameplayTagsManager::ConstructGameplayTagTree: Construct from data asset -  0.000 s
[2017.09.01-04.41.03:079][  0]LogStats: UGameplayTagsManager::ConstructGameplayTagTree: GameplayTagTreeChangedEvent.Broadcast -  0.000 s
[2017.09.01-04.41.03:080][  0]LogContentBrowser: Native class hierarchy updated for 'GameplayTags' in 0.0004 seconds. Added 13 classes and 0 folders.
[2017.09.01-04.41.03:133][  0]LogContentBrowser: Native class hierarchy updated for 'WidgetCarousel' in 0.0006 seconds. Added 0 classes and 0 folders.
[2017.09.01-04.41.03:528][  0]LogContentBrowser: Native class hierarchy updated for 'AddContentDialog' in 0.0004 seconds. Added 0 classes and 0 folders.
[2017.09.01-04.41.03:568][  0]LogContentBrowser: Native class hierarchy updated for 'SceneOutliner' in 0.0007 seconds. Added 1 classes and 2 folders.
[2017.09.01-04.41.03:831][  0]LogCrashTracker: Crashtracker disabled due to settings.
[2017.09.01-04.41.03:841][  0]LogUObjectGlobals:Warning: Failed to find object 'Class None.'
[2017.09.01-04.41.03:892][  0]LogContentBrowser: Native class hierarchy updated for 'HierarchicalLODOutliner' in 0.0004 seconds. Added 1 classes and 2 folders.
[2017.09.01-04.41.03:893][  0]LogLoad: (Engine Initialization) Total time: 12.73 seconds
[2017.09.01-04.41.03:893][  0]LogLoad: (Engine Initialization) Total Blueprint compile time: 0.03 seconds
[2017.09.01-04.41.03:893][  0]LogExternalProfiler: Found external profiler: VSPerf
[2017.09.01-04.41.03:893][  0]LogExternalProfiler: Using external profiler: VSPerf
[2017.09.01-04.41.04:226][  0]LogWindowsTextInputMethodSystem:Display: IME system now deactivated.
[2017.09.01-04.41.04:232][  0]LogOcInput: OculusInput pre-init called
[2017.09.01-04.41.04:244][  0]LogOcInput: OculusInput is initialized. Init status 0. Runtime version: 1.17.0
[2017.09.01-04.41.04:259][  0]LogAssetRegistry: Asset discovery search completed in 6.7496 seconds
[2017.09.01-04.41.04:259][  0]LogCollectionManager: Rebuilt the object cache for 0 collections in 0.000001 seconds (found 0 objects)
[2017.09.01-04.41.04:259][  0]LogCollectionManager: Fixed up redirectors for 0 collections in 0.000010 seconds (updated 0 objects)
[2017.09.01-04.41.04:263][  0]LogContentStreaming: Texture pool size now 1000 MB
[2017.09.01-04.41.04:488][  0]LogRenderer: Reallocating scene render targets to support 1208x680 NumSamples 1 (Frame:2).
[2017.09.01-04.41.10:944][406]LogContentBrowser: Native class hierarchy updated for 'BlueprintGraph' in 0.0006 seconds. Added 111 classes and 0 folders.
[2017.09.01-04.41.11:001][406]LogBlueprintSupport:Warning: Editor config [EditoronlyBP] settings are DEPRECATED. You're not explicitly setting any, but they've been defaulting to off. If you are relying on this functionality, then please fix it up so your Blueprints don't break in a future release.
[2017.09.01-04.45.21:187][240]LogHttp:Warning: 000002BF1A6D5480: request failed, libcurl error: 6 (Couldn't resolve host name)
[2017.09.01-04.45.21:187][240]LogHttp:Warning: 000002BF1A6D5480: libcurl info message cache 0 (Connection 1 seems to be dead!)
[2017.09.01-04.45.21:187][240]LogHttp:Warning: 000002BF1A6D5480: libcurl info message cache 1 (Closing connection 1)
[2017.09.01-04.45.21:187][240]LogHttp:Warning: 000002BF1A6D5480: libcurl info message cache 2 (TLSv1.2 (OUT), TLS alert, Client hello (1):)
[2017.09.01-04.45.21:187][240]LogHttp:Warning: 000002BF1A6D5480: libcurl info message cache 3 (Could not resolve host: datarouter.ol.epicgames.com)
[2017.09.01-04.45.21:187][240]LogHttp:Warning: 000002BF1A6D5480: libcurl info message cache 4 (Closing connection 2)
[2017.09.01-04.45.35:858][591]BlueprintLog: New page: Compile BP_DanPlayer
[2017.09.01-04.45.49:729][200]LogRenderer: Reallocating scene render targets to support 1324x840 NumSamples 1 (Frame:413).
[2017.09.01-04.47.08:683][565]Cmd: OBJ SAVEPACKAGE PACKAGE="/Game/Blueprints/BP_DanPlayer" FILE="F:/Dropbox/Unreal Projects/danmaku/Content/Blueprints/BP_DanPlayer.uasset" SILENT=true
[2017.09.01-04.47.08:740][565]LogSavePackage: Save=49.67ms
[2017.09.01-04.47.08:740][565]LogSavePackage: Moving 'F:/Dropbox/Unreal Projects/danmaku/Saved/BP_DanPlayerAD612D2B473004867E8541B369F7433D.tmp' to 'F:/Dropbox/Unreal Projects/danmaku/Content/Blueprints/BP_DanPlayer.uasset'
[2017.09.01-04.47.08:743][565]LogSavePackage:Display: Finished SavePackage F:/Dropbox/Unreal Projects/danmaku/Content/Blueprints/BP_DanPlayer.uasset
[2017.09.01-04.47.10:459][771]BlueprintLog: New page: Compile BP_DanPlayer
[2017.09.01-04.47.13:529][120]LogTemp: Repeting last play command: Selected Viewport
[2017.09.01-04.47.13:546][120]LogPlayLevel: PlayLevel: No blueprints needed recompiling
[2017.09.01-04.47.13:547][120]PIE: New page: PIE session: Main (Aug 31, 2017, 2:47:13 PM)
[2017.09.01-04.47.13:547][120]LogPlayLevel: Creating play world package: /Game/Maps/UEDPIE_0_Main
[2017.09.01-04.47.13:549][120]LogPlayLevel: PIE: StaticDuplicateObject took: (0.001130s)
[2017.09.01-04.47.13:549][120]LogAIModule: Creating AISystem for world Main
[2017.09.01-04.47.13:549][120]LogPlayLevel: PIE: World Init took: (0.000642s)
[2017.09.01-04.47.13:549][120]LogPlayLevel: PIE: Created PIE world by copying editor world from /Game/Maps/Main.Main to /Game/Maps/UEDPIE_0_Main.Main (0.002263s)
[2017.09.01-04.47.13:568][120]LogInit: XAudio2 using 'Speakers (High Definition Audio Device)' : 2 channels at 44.1 kHz using 16 bits per sample (channel mask 0x3)
[2017.09.01-04.47.13:574][120]LogInit: FAudioDevice initialized.
[2017.09.01-04.47.13:636][120]LogLoad: Game class is 'BP_DanGameMode_C'
[2017.09.01-04.47.13:638][120]LogWorld: Bringing World /Game/Maps/UEDPIE_0_Main.Main up for play (max tick rate 0) at 2017.08.31-21.47.13
[2017.09.01-04.47.13:638][120]LogWorld: Bringing up level for play took: 0.001070
[2017.09.01-04.47.13:676][120]LogContentBrowser: Native class hierarchy updated for 'MovieSceneCapture' in 0.0004 seconds. Added 11 classes and 0 folders.
[2017.09.01-04.47.13:679][120]PIE: Info Play in editor start time for /Game/Maps/UEDPIE_0_Main -0.771
[2017.09.01-04.47.59:557][173]LogTemp: Repeting last play command: Selected Viewport
[2017.09.01-04.47.59:569][173]LogPlayLevel: PlayLevel: No blueprints needed recompiling
[2017.09.01-04.47.59:569][173]PIE: New page: PIE session: Main (Aug 31, 2017, 2:47:59 PM)
[2017.09.01-04.47.59:569][173]LogPlayLevel: Creating play world package: /Game/Maps/UEDPIE_0_Main
[2017.09.01-04.47.59:570][173]LogPlayLevel: PIE: StaticDuplicateObject took: (0.000845s)
[2017.09.01-04.47.59:571][173]LogAIModule: Creating AISystem for world Main
[2017.09.01-04.47.59:571][173]LogPlayLevel: PIE: World Init took: (0.000526s)
[2017.09.01-04.47.59:571][173]LogPlayLevel: PIE: Created PIE world by copying editor world from /Game/Maps/Main.Main to /Game/Maps/UEDPIE_0_Main.Main (0.001547s)
[2017.09.01-04.47.59:587][173]LogInit: XAudio2 using 'Speakers (High Definition Audio Device)' : 2 channels at 44.1 kHz using 16 bits per sample (channel mask 0x3)
[2017.09.01-04.47.59:591][173]LogInit: FAudioDevice initialized.
[2017.09.01-04.47.59:633][173]LogLoad: Game class is 'BP_DanGameMode_C'
[2017.09.01-04.47.59:635][173]LogWorld: Bringing World /Game/Maps/UEDPIE_0_Main.Main up for play (max tick rate 0) at 2017.08.31-21.47.59
[2017.09.01-04.47.59:635][173]LogWorld: Bringing up level for play took: 0.000574
[2017.09.01-04.47.59:636][173]PIE: Info Play in editor start time for /Game/Maps/UEDPIE_0_Main -0.814
[2017.09.01-04.48.17:354][276]BlueprintLog: New page: Compile BP_DanPlayer
[2017.09.01-04.48.19:365][498]LogTemp: Repeting last play command: Selected Viewport
[2017.09.01-04.48.19:376][498]LogPlayLevel: PlayLevel: No blueprints needed recompiling
[2017.09.01-04.48.19:377][498]PIE: New page: PIE session: Main (Aug 31, 2017, 2:48:19 PM)
[2017.09.01-04.48.19:377][498]LogPlayLevel: Creating play world package: /Game/Maps/UEDPIE_0_Main
[2017.09.01-04.48.19:377][498]LogPlayLevel: PIE: StaticDuplicateObject took: (0.000685s)
[2017.09.01-04.48.19:378][498]LogAIModule: Creating AISystem for world Main
[2017.09.01-04.48.19:378][498]LogPlayLevel: PIE: World Init took: (0.000562s)
[2017.09.01-04.48.19:378][498]LogPlayLevel: PIE: Created PIE world by copying editor world from /Game/Maps/Main.Main to /Game/Maps/UEDPIE_0_Main.Main (0.001419s)
[2017.09.01-04.48.19:393][498]LogInit: XAudio2 using 'Speakers (High Definition Audio Device)' : 2 channels at 44.1 kHz using 16 bits per sample (channel mask 0x3)
[2017.09.01-04.48.19:398][498]LogInit: FAudioDevice initialized.
[2017.09.01-04.48.19:428][498]LogLoad: Game class is 'BP_DanGameMode_C'
[2017.09.01-04.48.19:430][498]LogWorld: Bringing World /Game/Maps/UEDPIE_0_Main.Main up for play (max tick rate 0) at 2017.08.31-21.48.19
[2017.09.01-04.48.19:430][498]LogWorld: Bringing up level for play took: 0.000786
[2017.09.01-04.48.19:431][498]PIE: Info Play in editor start time for /Game/Maps/UEDPIE_0_Main 0.981
[2017.09.01-04.48.51:482][327]BlueprintLog: New page: Compile BP_DanPlayer
[2017.09.01-04.48.57:176][999]LogTemp: Repeting last play command: Selected Viewport
[2017.09.01-04.48.57:188][999]LogPlayLevel: PlayLevel: No blueprints needed recompiling
[2017.09.01-04.48.57:188][999]PIE: New page: PIE session: Main (Aug 31, 2017, 2:48:57 PM)
[2017.09.01-04.48.57:188][999]LogPlayLevel: Creating play world package: /Game/Maps/UEDPIE_0_Main
[2017.09.01-04.48.57:189][999]LogPlayLevel: PIE: StaticDuplicateObject took: (0.000664s)
[2017.09.01-04.48.57:189][999]LogAIModule: Creating AISystem for world Main
[2017.09.01-04.48.57:189][999]LogPlayLevel: PIE: World Init took: (0.000422s)
[2017.09.01-04.48.57:189][999]LogPlayLevel: PIE: Created PIE world by copying editor world from /Game/Maps/Main.Main to /Game/Maps/UEDPIE_0_Main.Main (0.001229s)
[2017.09.01-04.48.57:204][999]LogInit: XAudio2 using 'Speakers (High Definition Audio Device)' : 2 channels at 44.1 kHz using 16 bits per sample (channel mask 0x3)
[2017.09.01-04.48.57:209][999]LogInit: FAudioDevice initialized.
[2017.09.01-04.48.57:237][999]LogLoad: Game class is 'BP_DanGameMode_C'
[2017.09.01-04.48.57:238][999]LogWorld: Bringing World /Game/Maps/UEDPIE_0_Main.Main up for play (max tick rate 0) at 2017.08.31-21.48.57
[2017.09.01-04.48.57:238][999]LogWorld: Bringing up level for play took: 0.000543
[2017.09.01-04.48.57:239][999]PIE: Info Play in editor start time for /Game/Maps/UEDPIE_0_Main 0.788
[2017.09.01-04.50.16:082][393]LogTemp: Repeting last play command: Selected Viewport
[2017.09.01-04.50.16:094][393]LogPlayLevel: PlayLevel: No blueprints needed recompiling
[2017.09.01-04.50.16:094][393]PIE: New page: PIE session: Main (Aug 31, 2017, 2:50:16 PM)
[2017.09.01-04.50.16:094][393]LogPlayLevel: Creating play world package: /Game/Maps/UEDPIE_0_Main
[2017.09.01-04.50.16:095][393]LogPlayLevel: PIE: StaticDuplicateObject took: (0.000687s)
[2017.09.01-04.50.16:096][393]LogAIModule: Creating AISystem for world Main
[2017.09.01-04.50.16:096][393]LogPlayLevel: PIE: World Init took: (0.000406s)
[2017.09.01-04.50.16:096][393]LogPlayLevel: PIE: Created PIE world by copying editor world from /Game/Maps/Main.Main to /Game/Maps/UEDPIE_0_Main.Main (0.001235s)
[2017.09.01-04.50.16:111][393]LogInit: XAudio2 using 'Speakers (High Definition Audio Device)' : 2 channels at 44.1 kHz using 16 bits per sample (channel mask 0x3)
[2017.09.01-04.50.16:116][393]LogInit: FAudioDevice initialized.
[2017.09.01-04.50.16:142][393]LogLoad: Game class is 'BP_DanGameMode_C'
[2017.09.01-04.50.16:144][393]LogWorld: Bringing World /Game/Maps/UEDPIE_0_Main.Main up for play (max tick rate 0) at 2017.08.31-21.50.16
[2017.09.01-04.50.16:144][393]LogWorld: Bringing up level for play took: 0.000614
[2017.09.01-04.50.16:145][393]PIE: Info Play in editor start time for /Game/Maps/UEDPIE_0_Main -0.306
[2017.09.01-04.50.41:949][439]BlueprintLog: New page: Compile BP_DanPlayer
[2017.09.01-04.50.43:378][598]LogTemp: Repeting last play command: Selected Viewport
[2017.09.01-04.50.43:389][598]LogPlayLevel: PlayLevel: No blueprints needed recompiling
[2017.09.01-04.50.43:389][598]PIE: New page: PIE session: Main (Aug 31, 2017, 2:50:43 PM)
[2017.09.01-04.50.43:390][598]LogPlayLevel: Creating play world package: /Game/Maps/UEDPIE_0_Main
[2017.09.01-04.50.43:390][598]LogPlayLevel: PIE: StaticDuplicateObject took: (0.000853s)
[2017.09.01-04.50.43:391][598]LogAIModule: Creating AISystem for world Main
[2017.09.01-04.50.43:391][598]LogPlayLevel: PIE: World Init took: (0.000520s)
[2017.09.01-04.50.43:391][598]LogPlayLevel: PIE: Created PIE world by copying editor world from /Game/Maps/Main.Main to /Game/Maps/UEDPIE_0_Main.Main (0.001553s)
[2017.09.01-04.50.43:406][598]LogInit: XAudio2 using 'Speakers (High Definition Audio Device)' : 2 channels at 44.1 kHz using 16 bits per sample (channel mask 0x3)
[2017.09.01-04.50.43:411][598]LogInit: FAudioDevice initialized.
[2017.09.01-04.50.43:442][598]LogLoad: Game class is 'BP_DanGameMode_C'
[2017.09.01-04.50.43:443][598]LogWorld: Bringing World /Game/Maps/UEDPIE_0_Main.Main up for play (max tick rate 0) at 2017.08.31-21.50.43
[2017.09.01-04.50.43:444][598]LogWorld: Bringing up level for play took: 0.000765
[2017.09.01-04.50.43:445][598]PIE: Info Play in editor start time for /Game/Maps/UEDPIE_0_Main 0.994
[2017.09.01-04.53.19:061][916]LogFileHelpers: Editor autosave (incl. sublevels) for '/Game/Maps/Main' took 0.025
[2017.09.01-04.53.19:063][916]OBJ SavePackage: Generating thumbnails for [1] asset(s) in package [/Game/Blueprints/BP_DanPlayer] ([1] browsable assets)...
[2017.09.01-04.53.19:079][916]OBJ SavePackage:     Rendered thumbnail for [Blueprint /Game/Blueprints/BP_DanPlayer.BP_DanPlayer]
[2017.09.01-04.53.19:079][916]OBJ SavePackage: Finished generating thumbnails for package [/Game/Blueprints/BP_DanPlayer]
[2017.09.01-04.53.19:079][916]Cmd: OBJ SAVEPACKAGE PACKAGE="/Game/Blueprints/BP_DanPlayer" FILE="F:/Dropbox/Unreal Projects/danmaku/Saved/Autosaves/Game/Blueprints/BP_DanPlayer_Auto1.uasset" SILENT=false AUTOSAVING=true
[2017.09.01-04.53.19:122][916]LogSavePackage: Save=38.16ms
[2017.09.01-04.53.19:122][916]LogSavePackage: Moving 'F:/Dropbox/Unreal Projects/danmaku/Saved/BP_DanPlayer_Auto1BAED5D7F4CAF0C5AC194769EEF3BA2ED.tmp' to 'F:/Dropbox/Unreal Projects/danmaku/Saved/Autosaves/Game/Blueprints/BP_DanPlayer_Auto1.uasset'
[2017.09.01-04.53.19:123][916]LogSavePackage:Display: Finished SavePackage F:/Dropbox/Unreal Projects/danmaku/Saved/Autosaves/Game/Blueprints/BP_DanPlayer_Auto1.uasset
[2017.09.01-04.53.19:123][916]LogFileHelpers: Auto-saving content packages took 0.062
[2017.09.01-04.56.25:296][997]BlueprintLog: New page: Compile BP_DanPlayer
[2017.09.01-04.56.33:395][938]LogTemp: Repeting last play command: Selected Viewport
[2017.09.01-04.56.33:407][938]LogPlayLevel: PlayLevel: No blueprints needed recompiling
[2017.09.01-04.56.33:407][938]PIE: New page: PIE session: Main (Aug 31, 2017, 2:56:33 PM)
[2017.09.01-04.56.33:408][938]LogPlayLevel: Creating play world package: /Game/Maps/UEDPIE_0_Main
[2017.09.01-04.56.33:408][938]LogPlayLevel: PIE: StaticDuplicateObject took: (0.000796s)
[2017.09.01-04.56.33:409][938]LogAIModule: Creating AISystem for world Main
[2017.09.01-04.56.33:409][938]LogPlayLevel: PIE: World Init took: (0.000538s)
[2017.09.01-04.56.33:409][938]LogPlayLevel: PIE: Created PIE world by copying editor world from /Game/Maps/Main.Main to /Game/Maps/UEDPIE_0_Main.Main (0.001533s)
[2017.09.01-04.56.33:430][938]LogInit: XAudio2 using 'Speakers (High Definition Audio Device)' : 2 channels at 44.1 kHz using 16 bits per sample (channel mask 0x3)
[2017.09.01-04.56.33:436][938]LogInit: FAudioDevice initialized.
[2017.09.01-04.56.33:479][938]LogLoad: Game class is 'BP_DanGameMode_C'
[2017.09.01-04.56.33:481][938]LogWorld: Bringing World /Game/Maps/UEDPIE_0_Main.Main up for play (max tick rate 0) at 2017.08.31-21.56.33
[2017.09.01-04.56.33:481][938]LogWorld: Bringing up level for play took: 0.000746
[2017.09.01-04.56.33:485][938]PIE: Info Play in editor start time for /Game/Maps/UEDPIE_0_Main 1.034
[2017.09.01-04.57.14:369][723]LogTemp: Repeting last play command: Selected Viewport
[2017.09.01-04.57.14:382][723]BlueprintLog: New page: Pre-Play auto-recompile
[2017.09.01-04.57.14:382][723]LogPlayLevel: [PlayLevel] Compiling BP_DanPlayer before play...
[2017.09.01-04.57.14:467][723]LogPlayLevel: PlayLevel: Blueprint regeneration took 84 ms (1 blueprints)
[2017.09.01-04.57.14:467][723]PIE: New page: PIE session: Main (Aug 31, 2017, 2:57:14 PM)
[2017.09.01-04.57.14:467][723]LogPlayLevel: Creating play world package: /Game/Maps/UEDPIE_0_Main
[2017.09.01-04.57.14:468][723]LogPlayLevel: PIE: StaticDuplicateObject took: (0.000645s)
[2017.09.01-04.57.14:468][723]LogAIModule: Creating AISystem for world Main
[2017.09.01-04.57.14:468][723]LogPlayLevel: PIE: World Init took: (0.000442s)
[2017.09.01-04.57.14:468][723]LogPlayLevel: PIE: Created PIE world by copying editor world from /Game/Maps/Main.Main to /Game/Maps/UEDPIE_0_Main.Main (0.001222s)
[2017.09.01-04.57.14:483][723]LogInit: XAudio2 using 'Speakers (High Definition Audio Device)' : 2 channels at 44.1 kHz using 16 bits per sample (channel mask 0x3)
[2017.09.01-04.57.14:488][723]LogInit: FAudioDevice initialized.
[2017.09.01-04.57.14:528][723]LogLoad: Game class is 'BP_DanGameMode_C'
[2017.09.01-04.57.14:529][723]LogWorld: Bringing World /Game/Maps/UEDPIE_0_Main.Main up for play (max tick rate 0) at 2017.08.31-21.57.14
[2017.09.01-04.57.14:530][723]LogWorld: Bringing up level for play took: 0.000756
[2017.09.01-04.57.14:534][723]PIE: Info Play in editor start time for /Game/Maps/UEDPIE_0_Main 0.084
[2017.09.01-04.57.18:874][225]BlueprintLog: New page: Compile BP_DanPlayer
[2017.09.01-04.57.20:176][367]LogTemp: Repeting last play command: Selected Viewport
[2017.09.01-04.57.20:191][367]LogPlayLevel: PlayLevel: No blueprints needed recompiling
[2017.09.01-04.57.20:191][367]PIE: New page: PIE session: Main (Aug 31, 2017, 2:57:20 PM)
[2017.09.01-04.57.20:191][367]LogPlayLevel: Creating play world package: /Game/Maps/UEDPIE_0_Main
[2017.09.01-04.57.20:192][367]LogPlayLevel: PIE: StaticDuplicateObject took: (0.000853s)
[2017.09.01-04.57.20:192][367]LogAIModule: Creating AISystem for world Main
[2017.09.01-04.57.20:193][367]LogPlayLevel: PIE: World Init took: (0.000494s)
[2017.09.01-04.57.20:193][367]LogPlayLevel: PIE: Created PIE world by copying editor world from /Game/Maps/Main.Main to /Game/Maps/UEDPIE_0_Main.Main (0.001516s)
[2017.09.01-04.57.20:212][367]LogInit: XAudio2 using 'Speakers (High Definition Audio Device)' : 2 channels at 44.1 kHz using 16 bits per sample (channel mask 0x3)
[2017.09.01-04.57.20:217][367]LogInit: FAudioDevice initialized.
[2017.09.01-04.57.20:281][367]LogLoad: Game class is 'BP_DanGameMode_C'
[2017.09.01-04.57.20:282][367]LogWorld: Bringing World /Game/Maps/UEDPIE_0_Main.Main up for play (max tick rate 0) at 2017.08.31-21.57.20
[2017.09.01-04.57.20:283][367]LogWorld: Bringing up level for play took: 0.000677
[2017.09.01-04.57.20:287][367]PIE: Info Play in editor start time for /Game/Maps/UEDPIE_0_Main -0.164
[2017.09.01-04.57.42:569][985]BlueprintLog: New page: Compile BP_DanPlayer
[2017.09.01-04.57.42:759][997]BlueprintLog: New page: Compile BP_DanPlayer
[2017.09.01-04.57.44:204][156]LogTemp: Repeting last play command: Selected Viewport
[2017.09.01-04.57.44:216][156]LogPlayLevel: PlayLevel: No blueprints needed recompiling
[2017.09.01-04.57.44:216][156]PIE: New page: PIE session: Main (Aug 31, 2017, 2:57:44 PM)
[2017.09.01-04.57.44:216][156]LogPlayLevel: Creating play world package: /Game/Maps/UEDPIE_0_Main
[2017.09.01-04.57.44:217][156]LogPlayLevel: PIE: StaticDuplicateObject took: (0.000862s)
[2017.09.01-04.57.44:217][156]LogAIModule: Creating AISystem for world Main
[2017.09.01-04.57.44:217][156]LogPlayLevel: PIE: World Init took: (0.000462s)
[2017.09.01-04.57.44:217][156]LogPlayLevel: PIE: Created PIE world by copying editor world from /Game/Maps/Main.Main to /Game/Maps/UEDPIE_0_Main.Main (0.001472s)
[2017.09.01-04.57.44:233][156]LogInit: XAudio2 using 'Speakers (High Definition Audio Device)' : 2 channels at 44.1 kHz using 16 bits per sample (channel mask 0x3)
[2017.09.01-04.57.44:238][156]LogInit: FAudioDevice initialized.
[2017.09.01-04.57.44:276][156]LogLoad: Game class is 'BP_DanGameMode_C'
[2017.09.01-04.57.44:278][156]LogWorld: Bringing World /Game/Maps/UEDPIE_0_Main.Main up for play (max tick rate 0) at 2017.08.31-21.57.44
[2017.09.01-04.57.44:278][156]LogWorld: Bringing up level for play took: 0.000911
[2017.09.01-04.57.44:280][156]PIE: Info Play in editor start time for /Game/Maps/UEDPIE_0_Main -0.17
[2017.09.01-04.58.06:346][782]BlueprintLog: New page: Compile BP_DanPlayer
[2017.09.01-04.58.07:151][867]LogTemp: Repeting last play command: Selected Viewport
[2017.09.01-04.58.07:164][867]LogPlayLevel: PlayLevel: No blueprints needed recompiling
[2017.09.01-04.58.07:164][867]PIE: New page: PIE session: Main (Aug 31, 2017, 2:58:07 PM)
[2017.09.01-04.58.07:164][867]LogPlayLevel: Creating play world package: /Game/Maps/UEDPIE_0_Main
[2017.09.01-04.58.07:164][867]LogPlayLevel: PIE: StaticDuplicateObject took: (0.000657s)
[2017.09.01-04.58.07:165][867]LogAIModule: Creating AISystem for world Main
[2017.09.01-04.58.07:165][867]LogPlayLevel: PIE: World Init took: (0.000401s)
[2017.09.01-04.58.07:165][867]LogPlayLevel: PIE: Created PIE world by copying editor world from /Game/Maps/Main.Main to /Game/Maps/UEDPIE_0_Main.Main (0.001203s)
[2017.09.01-04.58.07:180][867]LogInit: XAudio2 using 'Speakers (High Definition Audio Device)' : 2 channels at 44.1 kHz using 16 bits per sample (channel mask 0x3)
[2017.09.01-04.58.07:185][867]LogInit: FAudioDevice initialized.
[2017.09.01-04.58.07:226][867]LogLoad: Game class is 'BP_DanGameMode_C'
[2017.09.01-04.58.07:228][867]LogWorld: Bringing World /Game/Maps/UEDPIE_0_Main.Main up for play (max tick rate 0) at 2017.08.31-21.58.07
[2017.09.01-04.58.07:228][867]LogWorld: Bringing up level for play took: 0.000756
[2017.09.01-04.58.07:232][867]PIE: Info Play in editor start time for /Game/Maps/UEDPIE_0_Main 0.782
[2017.09.01-04.58.29:443][501]LogTemp: Repeting last play command: Selected Viewport
[2017.09.01-04.58.29:456][501]BlueprintLog: New page: Pre-Play auto-recompile
[2017.09.01-04.58.29:456][501]LogPlayLevel: [PlayLevel] Compiling BP_DanPlayer before play...
[2017.09.01-04.58.29:541][501]LogPlayLevel: PlayLevel: Blueprint regeneration took 85 ms (1 blueprints)
[2017.09.01-04.58.29:541][501]PIE: New page: PIE session: Main (Aug 31, 2017, 2:58:29 PM)
[2017.09.01-04.58.29:541][501]LogPlayLevel: Creating play world package: /Game/Maps/UEDPIE_0_Main
[2017.09.01-04.58.29:542][501]LogPlayLevel: PIE: StaticDuplicateObject took: (0.000643s)
[2017.09.01-04.58.29:542][501]LogAIModule: Creating AISystem for world Main
[2017.09.01-04.58.29:542][501]LogPlayLevel: PIE: World Init took: (0.000393s)
[2017.09.01-04.58.29:542][501]LogPlayLevel: PIE: Created PIE world by copying editor world from /Game/Maps/Main.Main to /Game/Maps/UEDPIE_0_Main.Main (0.001168s)
[2017.09.01-04.58.29:557][501]LogInit: XAudio2 using 'Speakers (High Definition Audio Device)' : 2 channels at 44.1 kHz using 16 bits per sample (channel mask 0x3)
[2017.09.01-04.58.29:562][501]LogInit: FAudioDevice initialized.
[2017.09.01-04.58.29:606][501]LogLoad: Game class is 'BP_DanGameMode_C'
[2017.09.01-04.58.29:607][501]LogWorld: Bringing World /Game/Maps/UEDPIE_0_Main.Main up for play (max tick rate 0) at 2017.08.31-21.58.29
[2017.09.01-04.58.29:607][501]LogWorld: Bringing up level for play took: 0.000668
[2017.09.01-04.58.29:611][501]PIE: Info Play in editor start time for /Game/Maps/UEDPIE_0_Main -0.839
[2017.09.01-04.58.58:703][967]LogTemp: Repeting last play command: Selected Viewport
[2017.09.01-04.58.58:717][967]BlueprintLog: New page: Pre-Play auto-recompile
[2017.09.01-04.58.58:717][967]LogPlayLevel: [PlayLevel] Compiling BP_DanPlayer before play...
[2017.09.01-04.58.58:804][967]LogPlayLevel: PlayLevel: Blueprint regeneration took 87 ms (1 blueprints)
[2017.09.01-04.58.58:804][967]PIE: New page: PIE session: Main (Aug 31, 2017, 2:58:58 PM)
[2017.09.01-04.58.58:804][967]LogPlayLevel: Creating play world package: /Game/Maps/UEDPIE_0_Main
[2017.09.01-04.58.58:805][967]LogPlayLevel: PIE: StaticDuplicateObject took: (0.000640s)
[2017.09.01-04.58.58:805][967]LogAIModule: Creating AISystem for world Main
[2017.09.01-04.58.58:805][967]LogPlayLevel: PIE: World Init took: (0.000371s)
[2017.09.01-04.58.58:806][967]LogPlayLevel: PIE: Created PIE world by copying editor world from /Game/Maps/Main.Main to /Game/Maps/UEDPIE_0_Main.Main (0.001143s)
[2017.09.01-04.58.58:820][967]LogInit: XAudio2 using 'Speakers (High Definition Audio Device)' : 2 channels at 44.1 kHz using 16 bits per sample (channel mask 0x3)
[2017.09.01-04.58.58:825][967]LogInit: FAudioDevice initialized.
[2017.09.01-04.58.58:875][967]LogLoad: Game class is 'BP_DanGameMode_C'
[2017.09.01-04.58.58:878][967]LogWorld: Bringing World /Game/Maps/UEDPIE_0_Main.Main up for play (max tick rate 0) at 2017.08.31-21.58.58
[2017.09.01-04.58.58:878][967]LogWorld: Bringing up level for play took: 0.001279
[2017.09.01-04.58.58:884][967]PIE: Info Play in editor start time for /Game/Maps/UEDPIE_0_Main 0.433
[2017.09.01-04.59.31:696][865]LogTemp: Repeting last play command: Selected Viewport
[2017.09.01-04.59.31:709][865]BlueprintLog: New page: Pre-Play auto-recompile
[2017.09.01-04.59.31:709][865]LogPlayLevel: [PlayLevel] Compiling BP_DanPlayer before play...
[2017.09.01-04.59.31:791][865]LogPlayLevel: PlayLevel: Blueprint regeneration took 82 ms (1 blueprints)
[2017.09.01-04.59.31:791][865]PIE: New page: PIE session: Main (Aug 31, 2017, 2:59:31 PM)
[2017.09.01-04.59.31:791][865]LogPlayLevel: Creating play world package: /Game/Maps/UEDPIE_0_Main
[2017.09.01-04.59.31:792][865]LogPlayLevel: PIE: StaticDuplicateObject took: (0.000652s)
[2017.09.01-04.59.31:792][865]LogAIModule: Creating AISystem for world Main
[2017.09.01-04.59.31:792][865]LogPlayLevel: PIE: World Init took: (0.000407s)
[2017.09.01-04.59.31:792][865]LogPlayLevel: PIE: Created PIE world by copying editor world from /Game/Maps/Main.Main to /Game/Maps/UEDPIE_0_Main.Main (0.001203s)
[2017.09.01-04.59.31:807][865]LogInit: XAudio2 using 'Speakers (High Definition Audio Device)' : 2 channels at 44.1 kHz using 16 bits per sample (channel mask 0x3)
[2017.09.01-04.59.31:812][865]LogInit: FAudioDevice initialized.
[2017.09.01-04.59.31:861][865]LogLoad: Game class is 'BP_DanGameMode_C'
[2017.09.01-04.59.31:863][865]LogWorld: Bringing World /Game/Maps/UEDPIE_0_Main.Main up for play (max tick rate 0) at 2017.08.31-21.59.31
[2017.09.01-04.59.31:863][865]LogWorld: Bringing up level for play took: 0.001260
[2017.09.01-04.59.31:868][865]PIE: Info Play in editor start time for /Game/Maps/UEDPIE_0_Main -0.582
[2017.09.01-05.01.48:272][975]LogTemp: Repeting last play command: Selected Viewport
[2017.09.01-05.01.48:285][975]BlueprintLog: New page: Pre-Play auto-recompile
[2017.09.01-05.01.48:285][975]LogPlayLevel: [PlayLevel] Compiling BP_DanPlayer before play...
[2017.09.01-05.01.48:371][975]LogPlayLevel: PlayLevel: Blueprint regeneration took 85 ms (1 blueprints)
[2017.09.01-05.01.48:371][975]PIE: New page: PIE session: Main (Aug 31, 2017, 3:01:48 PM)
[2017.09.01-05.01.48:371][975]LogPlayLevel: Creating play world package: /Game/Maps/UEDPIE_0_Main
[2017.09.01-05.01.48:372][975]LogPlayLevel: PIE: StaticDuplicateObject took: (0.000685s)
[2017.09.01-05.01.48:372][975]LogAIModule: Creating AISystem for world Main
[2017.09.01-05.01.48:372][975]LogPlayLevel: PIE: World Init took: (0.000397s)
[2017.09.01-05.01.48:372][975]LogPlayLevel: PIE: Created PIE world by copying editor world from /Game/Maps/Main.Main to /Game/Maps/UEDPIE_0_Main.Main (0.001223s)
[2017.09.01-05.01.48:387][975]LogInit: XAudio2 using 'Speakers (High Definition Audio Device)' : 2 channels at 44.1 kHz using 16 bits per sample (channel mask 0x3)
[2017.09.01-05.01.48:391][975]LogInit: FAudioDevice initialized.
[2017.09.01-05.01.48:433][975]LogLoad: Game class is 'BP_DanGameMode_C'
[2017.09.01-05.01.48:434][975]LogWorld: Bringing World /Game/Maps/UEDPIE_0_Main.Main up for play (max tick rate 0) at 2017.08.31-22.01.48
[2017.09.01-05.01.48:434][975]LogWorld: Bringing up level for play took: 0.000730
[2017.09.01-05.01.48:439][975]PIE: Info Play in editor start time for /Game/Maps/UEDPIE_0_Main -0.011
[2017.09.01-05.02.18:076][495]LogTemp: Repeting last play command: Selected Viewport
[2017.09.01-05.02.18:088][495]BlueprintLog: New page: Pre-Play auto-recompile
[2017.09.01-05.02.18:088][495]LogPlayLevel: [PlayLevel] Compiling BP_DanPlayer before play...
[2017.09.01-05.02.18:170][495]LogPlayLevel: PlayLevel: Blueprint regeneration took 82 ms (1 blueprints)
[2017.09.01-05.02.18:170][495]PIE: New page: PIE session: Main (Aug 31, 2017, 3:02:18 PM)
[2017.09.01-05.02.18:170][495]LogPlayLevel: Creating play world package: /Game/Maps/UEDPIE_0_Main
[2017.09.01-05.02.18:171][495]LogPlayLevel: PIE: StaticDuplicateObject took: (0.000646s)
[2017.09.01-05.02.18:171][495]LogAIModule: Creating AISystem for world Main
[2017.09.01-05.02.18:171][495]LogPlayLevel: PIE: World Init took: (0.000393s)
[2017.09.01-05.02.18:171][495]LogPlayLevel: PIE: Created PIE world by copying editor world from /Game/Maps/Main.Main to /Game/Maps/UEDPIE_0_Main.Main (0.001174s)
[2017.09.01-05.02.18:185][495]LogInit: XAudio2 using 'Speakers (High Definition Audio Device)' : 2 channels at 44.1 kHz using 16 bits per sample (channel mask 0x3)
[2017.09.01-05.02.18:190][495]LogInit: FAudioDevice initialized.
[2017.09.01-05.02.18:235][495]LogLoad: Game class is 'BP_DanGameMode_C'
[2017.09.01-05.02.18:237][495]LogWorld: Bringing World /Game/Maps/UEDPIE_0_Main.Main up for play (max tick rate 0) at 2017.08.31-22.02.18
[2017.09.01-05.02.18:237][495]LogWorld: Bringing up level for play took: 0.000884
[2017.09.01-05.02.18:241][495]PIE: Info Play in editor start time for /Game/Maps/UEDPIE_0_Main -0.21
[2017.09.01-05.02.37:763][770]LogTemp: Repeting last play command: Selected Viewport
[2017.09.01-05.02.37:776][770]BlueprintLog: New page: Pre-Play auto-recompile
[2017.09.01-05.02.37:776][770]LogPlayLevel: [PlayLevel] Compiling BP_DanPlayer before play...
[2017.09.01-05.02.37:860][770]LogPlayLevel: PlayLevel: Blueprint regeneration took 84 ms (1 blueprints)
[2017.09.01-05.02.37:860][770]PIE: New page: PIE session: Main (Aug 31, 2017, 3:02:37 PM)
[2017.09.01-05.02.37:860][770]LogPlayLevel: Creating play world package: /Game/Maps/UEDPIE_0_Main
[2017.09.01-05.02.37:861][770]LogPlayLevel: PIE: StaticDuplicateObject took: (0.000665s)
[2017.09.01-05.02.37:861][770]LogAIModule: Creating AISystem for world Main
[2017.09.01-05.02.37:861][770]LogPlayLevel: PIE: World Init took: (0.000400s)
[2017.09.01-05.02.37:861][770]LogPlayLevel: PIE: Created PIE world by copying editor world from /Game/Maps/Main.Main to /Game/Maps/UEDPIE_0_Main.Main (0.001207s)
[2017.09.01-05.02.37:876][770]LogInit: XAudio2 using 'Speakers (High Definition Audio Device)' : 2 channels at 44.1 kHz using 16 bits per sample (channel mask 0x3)
[2017.09.01-05.02.37:881][770]LogInit: FAudioDevice initialized.
[2017.09.01-05.02.37:934][770]LogLoad: Game class is 'BP_DanGameMode_C'
[2017.09.01-05.02.37:937][770]LogWorld: Bringing World /Game/Maps/UEDPIE_0_Main.Main up for play (max tick rate 0) at 2017.08.31-22.02.37
[2017.09.01-05.02.37:937][770]LogWorld: Bringing up level for play took: 0.001295
[2017.09.01-05.02.37:943][770]PIE: Info Play in editor start time for /Game/Maps/UEDPIE_0_Main -0.508
[2017.09.01-05.03.29:972][742]BlueprintLog: New page: Compile BP_DanPlayer
[2017.09.01-05.03.35:546][356]LogTemp: Repeting last play command: Selected Viewport
[2017.09.01-05.03.35:561][356]BlueprintLog: New page: Pre-Play auto-recompile
[2017.09.01-05.03.35:561][356]LogPlayLevel: [PlayLevel] Compiling BP_DanPlayer before play...
[2017.09.01-05.03.35:651][356]LogPlayLevel: PlayLevel: Blueprint regeneration took 90 ms (1 blueprints)
[2017.09.01-05.03.35:651][356]PIE: New page: PIE session: Main (Aug 31, 2017, 3:03:35 PM)
[2017.09.01-05.03.35:651][356]LogPlayLevel: Creating play world package: /Game/Maps/UEDPIE_0_Main
[2017.09.01-05.03.35:652][356]LogPlayLevel: PIE: StaticDuplicateObject took: (0.000669s)
[2017.09.01-05.03.35:652][356]LogAIModule: Creating AISystem for world Main
[2017.09.01-05.03.35:652][356]LogPlayLevel: PIE: World Init took: (0.000450s)
[2017.09.01-05.03.35:652][356]LogPlayLevel: PIE: Created PIE world by copying editor world from /Game/Maps/Main.Main to /Game/Maps/UEDPIE_0_Main.Main (0.001254s)
[2017.09.01-05.03.35:670][356]LogInit: XAudio2 using 'Speakers (High Definition Audio Device)' : 2 channels at 44.1 kHz using 16 bits per sample (channel mask 0x3)
[2017.09.01-05.03.35:675][356]LogInit: FAudioDevice initialized.
[2017.09.01-05.03.35:743][356]LogLoad: Game class is 'BP_DanGameMode_C'
[2017.09.01-05.03.35:750][356]LogWorld: Bringing World /Game/Maps/UEDPIE_0_Main.Main up for play (max tick rate 0) at 2017.08.31-22.03.35
[2017.09.01-05.03.35:751][356]LogWorld: Bringing up level for play took: 0.003841
[2017.09.01-05.03.35:766][356]PIE: Info Play in editor start time for /Game/Maps/UEDPIE_0_Main -0.684
[2017.09.01-05.03.46:081][567]LogTemp: Repeting last play command: Selected Viewport
[2017.09.01-05.03.46:097][567]BlueprintLog: New page: Pre-Play auto-recompile
[2017.09.01-05.03.46:097][567]LogPlayLevel: [PlayLevel] Compiling BP_DanPlayer before play...
[2017.09.01-05.03.46:187][567]LogPlayLevel: PlayLevel: Blueprint regeneration took 90 ms (1 blueprints)
[2017.09.01-05.03.46:187][567]PIE: New page: PIE session: Main (Aug 31, 2017, 3:03:46 PM)
[2017.09.01-05.03.46:188][567]LogPlayLevel: Creating play world package: /Game/Maps/UEDPIE_0_Main
[2017.09.01-05.03.46:188][567]LogPlayLevel: PIE: StaticDuplicateObject took: (0.000645s)
[2017.09.01-05.03.46:188][567]LogAIModule: Creating AISystem for world Main
[2017.09.01-05.03.46:189][567]LogPlayLevel: PIE: World Init took: (0.000373s)
[2017.09.01-05.03.46:189][567]LogPlayLevel: PIE: Created PIE world by copying editor world from /Game/Maps/Main.Main to /Game/Maps/UEDPIE_0_Main.Main (0.001147s)
[2017.09.01-05.03.46:203][567]LogInit: XAudio2 using 'Speakers (High Definition Audio Device)' : 2 channels at 44.1 kHz using 16 bits per sample (channel mask 0x3)
[2017.09.01-05.03.46:208][567]LogInit: FAudioDevice initialized.
[2017.09.01-05.03.46:261][567]LogLoad: Game class is 'BP_DanGameMode_C'
[2017.09.01-05.03.46:263][567]LogWorld: Bringing World /Game/Maps/UEDPIE_0_Main.Main up for play (max tick rate 0) at 2017.08.31-22.03.46
[2017.09.01-05.03.46:263][567]LogWorld: Bringing up level for play took: 0.001180
[2017.09.01-05.03.46:270][567]PIE: Info Play in editor start time for /Game/Maps/UEDPIE_0_Main -0.18
[2017.09.01-05.04.07:818][ 12]Cmd: OBJ SAVEPACKAGE PACKAGE="/Game/Blueprints/BP_DanPlayer" FILE="F:/Dropbox/Unreal Projects/danmaku/Content/Blueprints/BP_DanPlayer.uasset" SILENT=true
